<?xml version="1.0" encoding="UTF-8"?>
<!-- Generated by org.testng.reporters.JUnitReportReporter -->
<testsuite skipped="0" hostname="Massads-MacBook-Pro.local" name="runners.TestRunner" tests="2" failures="0" timestamp="31 Oct 2021 18:55:04 GMT" time="8.414" errors="0">
  <testcase name="runScenario" time="3.898" classname="runners.TestRunner"/>
  <testcase name="runScenario" time="4.516" classname="runners.TestRunner"/>
</testsuite> <!-- runners.TestRunner -->
