<?xml version="1.0" encoding="UTF-8"?>
<!-- Generated by org.testng.reporters.JUnitReportReporter -->
<testsuite skipped="0" hostname="Massads-MacBook-Pro.local" name="runners.TestRunner" tests="2" failures="0" timestamp="24 Oct 2021 19:42:47 GMT" time="0.129" errors="0">
  <testcase name="runScenario" time="0.126" classname="runners.TestRunner"/>
  <testcase name="runScenario" time="0.003" classname="runners.TestRunner"/>
</testsuite> <!-- runners.TestRunner -->
